Determining if the function sgemm_ exists failed with the following output:
Change Dir: /home/rkshah2/DArray/build/CMakeFiles/CMakeTmp

Run Build Command(s):/usr/bin/gmake -f Makefile cmTC_36cd2/fast && /usr/bin/gmake  -f CMakeFiles/cmTC_36cd2.dir/build.make CMakeFiles/cmTC_36cd2.dir/build
gmake[1]: Entering directory '/home/rkshah2/DArray/build/CMakeFiles/CMakeTmp'
Building CXX object CMakeFiles/cmTC_36cd2.dir/CheckFunctionExists.cxx.o
/project/dsi/apps/easybuild/software/GCCcore/11.2.0/bin/c++   -DCHECK_FUNCTION_EXISTS=sgemm_ -std=gnu++17 -o CMakeFiles/cmTC_36cd2.dir/CheckFunctionExists.cxx.o -c /home/rkshah2/DArray/build/CMakeFiles/CheckFunctionExists/CheckFunctionExists.cxx
Linking CXX executable cmTC_36cd2
/opt/ohpc/pub/utils/cmake/3.21.3/bin/cmake -E cmake_link_script CMakeFiles/cmTC_36cd2.dir/link.txt --verbose=1
/project/dsi/apps/easybuild/software/GCCcore/11.2.0/bin/c++  -DCHECK_FUNCTION_EXISTS=sgemm_ -L/usr/lib64/nvidia -L/usr/lib/nvidia -L/share/apps/cuda-11.6/lib64 -L/share/apps/cuda-11.6/lib  CMakeFiles/cmTC_36cd2.dir/CheckFunctionExists.cxx.o -o cmTC_36cd2 
CMakeFiles/cmTC_36cd2.dir/CheckFunctionExists.cxx.o:CheckFunctionExists.cxx:function main: error: undefined reference to 'sgemm_'
collect2: error: ld returned 1 exit status
gmake[1]: *** [CMakeFiles/cmTC_36cd2.dir/build.make:99: cmTC_36cd2] Error 1
gmake[1]: Leaving directory '/home/rkshah2/DArray/build/CMakeFiles/CMakeTmp'
gmake: *** [Makefile:127: cmTC_36cd2/fast] Error 2



Performing C++ SOURCE FILE Test CMAKE_HAVE_LIBC_PTHREAD failed with the following output:
Change Dir: /home/rkshah2/DArray/build/CMakeFiles/CMakeTmp

Run Build Command(s):/usr/bin/gmake -f Makefile cmTC_cbfdd/fast && /usr/bin/gmake  -f CMakeFiles/cmTC_cbfdd.dir/build.make CMakeFiles/cmTC_cbfdd.dir/build
gmake[1]: Entering directory '/home/rkshah2/DArray/build/CMakeFiles/CMakeTmp'
Building CXX object CMakeFiles/cmTC_cbfdd.dir/src.cxx.o
/project/dsi/apps/easybuild/software/GCCcore/11.2.0/bin/c++ -DCMAKE_HAVE_LIBC_PTHREAD  -std=gnu++17 -o CMakeFiles/cmTC_cbfdd.dir/src.cxx.o -c /home/rkshah2/DArray/build/CMakeFiles/CMakeTmp/src.cxx
Linking CXX executable cmTC_cbfdd
/opt/ohpc/pub/utils/cmake/3.21.3/bin/cmake -E cmake_link_script CMakeFiles/cmTC_cbfdd.dir/link.txt --verbose=1
/project/dsi/apps/easybuild/software/GCCcore/11.2.0/bin/c++ -L/usr/lib64/nvidia -L/usr/lib/nvidia -L/share/apps/cuda-11.6/lib64 -L/share/apps/cuda-11.6/lib  CMakeFiles/cmTC_cbfdd.dir/src.cxx.o -o cmTC_cbfdd 
CMakeFiles/cmTC_cbfdd.dir/src.cxx.o:src.cxx:function main: error: undefined reference to 'pthread_create'
CMakeFiles/cmTC_cbfdd.dir/src.cxx.o:src.cxx:function main: error: undefined reference to 'pthread_detach'
CMakeFiles/cmTC_cbfdd.dir/src.cxx.o:src.cxx:function main: error: undefined reference to 'pthread_cancel'
CMakeFiles/cmTC_cbfdd.dir/src.cxx.o:src.cxx:function main: error: undefined reference to 'pthread_join'
collect2: error: ld returned 1 exit status
gmake[1]: *** [CMakeFiles/cmTC_cbfdd.dir/build.make:99: cmTC_cbfdd] Error 1
gmake[1]: Leaving directory '/home/rkshah2/DArray/build/CMakeFiles/CMakeTmp'
gmake: *** [Makefile:127: cmTC_cbfdd/fast] Error 2


Source file was:
#include <pthread.h>

static void* test_func(void* data)
{
  return data;
}

int main(void)
{
  pthread_t thread;
  pthread_create(&thread, NULL, test_func, NULL);
  pthread_detach(thread);
  pthread_cancel(thread);
  pthread_join(thread, NULL);
  pthread_atfork(NULL, NULL, NULL);
  pthread_exit(NULL);

  return 0;
}

Determining if the function pthread_create exists in the pthreads failed with the following output:
Change Dir: /home/rkshah2/DArray/build/CMakeFiles/CMakeTmp

Run Build Command(s):/usr/bin/gmake -f Makefile cmTC_c1c4f/fast && /usr/bin/gmake  -f CMakeFiles/cmTC_c1c4f.dir/build.make CMakeFiles/cmTC_c1c4f.dir/build
gmake[1]: Entering directory '/home/rkshah2/DArray/build/CMakeFiles/CMakeTmp'
Building CXX object CMakeFiles/cmTC_c1c4f.dir/CheckFunctionExists.cxx.o
/project/dsi/apps/easybuild/software/GCCcore/11.2.0/bin/c++   -DCHECK_FUNCTION_EXISTS=pthread_create -std=gnu++17 -o CMakeFiles/cmTC_c1c4f.dir/CheckFunctionExists.cxx.o -c /home/rkshah2/DArray/build/CMakeFiles/CheckLibraryExists/CheckFunctionExists.cxx
Linking CXX executable cmTC_c1c4f
/opt/ohpc/pub/utils/cmake/3.21.3/bin/cmake -E cmake_link_script CMakeFiles/cmTC_c1c4f.dir/link.txt --verbose=1
/project/dsi/apps/easybuild/software/GCCcore/11.2.0/bin/c++  -DCHECK_FUNCTION_EXISTS=pthread_create -L/usr/lib64/nvidia -L/usr/lib/nvidia -L/share/apps/cuda-11.6/lib64 -L/share/apps/cuda-11.6/lib  CMakeFiles/cmTC_c1c4f.dir/CheckFunctionExists.cxx.o -o cmTC_c1c4f  -lpthreads 
/project/dsi/apps/easybuild/software/binutils/2.37-GCCcore-11.2.0/bin/ld.gold: error: cannot find -lpthreads
CMakeFiles/cmTC_c1c4f.dir/CheckFunctionExists.cxx.o:CheckFunctionExists.cxx:function main: error: undefined reference to 'pthread_create'
collect2: error: ld returned 1 exit status
gmake[1]: *** [CMakeFiles/cmTC_c1c4f.dir/build.make:99: cmTC_c1c4f] Error 1
gmake[1]: Leaving directory '/home/rkshah2/DArray/build/CMakeFiles/CMakeTmp'
gmake: *** [Makefile:127: cmTC_c1c4f/fast] Error 2



