options: n=500000, p=8, q=8, save_matrix_c=false, print_accum_tracer=false, save_events_to_file=false
#### grid pxq 8x8 #### 
terminate called after throwing an instance of 'std::bad_array_new_length'
  what():  std::bad_array_new_length
terminate called after throwing an instance of 'std::bad_array_new_length'
  what():  std::bad_array_new_length
terminate called after throwing an instance of 'std::bad_array_new_length'
  what():  std::bad_array_new_length
terminate called after throwing an instance of 'std::bad_array_new_length'
  what():  std::bad_array_new_length
terminate called after throwing an instance of 'std::bad_array_new_length'
  what():  std::bad_array_new_length
terminate called after throwing an instance of 'std::bad_array_new_length'
  what():  std::bad_array_new_length
terminate called after throwing an instance of 'std::bad_array_new_length'
  what():  std::bad_array_new_length
terminate called after throwing an instance of 'terminate called after throwing an instance of 'std::bad_array_new_length'
  what():  std::bad_array_new_length
terminate called after throwing an instance of 'std::bad_array_new_length'
  what():  std::bad_array_new_length
terminate called after throwing an instance of 'std::bad_array_new_length'
  what():  std::bad_array_new_length
terminate called after throwing an instance of 'std::bad_array_new_length'
  what():  std::bad_array_new_length
terminate called after throwing an instance of 'std::bad_array_new_length'
  what():  std::bad_array_new_length
terminate called after throwing an instance of 'std::bad_array_new_length'
  what():  std::bad_array_new_length
terminate called after throwing an instance of 'std::bad_array_new_length'
  what():  std::bad_array_new_length
terminate called after throwing an instance of 'std::bad_array_new_length'
  what():  std::bad_array_new_length
terminate called after throwing an instance of 'std::bad_array_new_length'
  what():  std::bad_array_new_length
terminate called after throwing an instance of 'std::bad_array_new_length'
  what():  std::bad_array_new_length
terminate called after throwing an instance of 'std::bad_array_new_length'
  what():  std::bad_array_new_length
terminate called after throwing an instance of 'std::bad_array_new_length'
  what():  std::bad_array_new_length
terminate called after throwing an instance of 'std::bad_array_new_length'
  what():  std::bad_array_new_length
terminate called after throwing an instance of 'std::bad_array_new_length'
  what():  std::bad_array_new_length
terminate called after throwing an instance of 'std::bad_array_new_length'
  what():  std::bad_array_new_length
terminate called after throwing an instance of 'std::bad_array_new_length'
  what():  std::bad_array_new_length
terminate called after throwing an instance of 'std::bad_array_new_length'
  what():  std::bad_array_new_length
std::bad_array_new_length'
  what():  std::bad_array_new_length
terminate called after throwing an instance of 'std::bad_array_new_length'
terminate called after throwing an instance of 'std::bad_array_new_length'
terminate called after throwing an instance of 'std::bad_array_new_length'
terminate called after throwing an instance of 'std::bad_array_new_length'
terminate called after throwing an instance of 'std::bad_array_new_length'
terminate called after throwing an instance of 'std::bad_array_new_length'
terminate called after throwing an instance of 'terminate called after throwing an instance of 'std::bad_array_new_length'
terminate called after throwing an instance of 'std::bad_array_new_length'
terminate called after throwing an instance of 'std::bad_array_new_length'
terminate called after throwing an instance of 'std::bad_array_new_length'
terminate called after throwing an instance of 'std::bad_array_new_length'
terminate called after throwing an instance of 'std::bad_array_new_length'
terminate called after throwing an instance of 'std::bad_array_new_length'
terminate called after throwing an instance of 'std::bad_array_new_length'
std::bad_array_new_length'
  what():  std::bad_array_new_length
terminate called after throwing an instance of 'std::bad_array_new_length'
terminate called after throwing an instance of 'std::bad_array_new_length'
terminate called after throwing an instance of 'std::bad_array_new_length'
terminate called after throwing an instance of 'std::bad_array_new_length'
terminate called after throwing an instance of 'std::bad_array_new_length'
terminate called after throwing an instance of 'std::bad_array_new_length'
  what():  std::bad_array_new_length
terminate called after throwing an instance of 'std::bad_array_new_length'
  what():  std::bad_array_new_length
terminate called after throwing an instance of 'std::bad_array_new_length'
terminate called after throwing an instance of 'std::bad_array_new_length'
terminate called after throwing an instance of 'std::bad_array_new_length'
terminate called after throwing an instance of 'std::bad_array_new_length'
terminate called after throwing an instance of 'std::bad_array_new_length'
terminate called after throwing an instance of 'std::bad_array_new_length'
terminate called after throwing an instance of 'std::bad_array_new_length'
terminate called after throwing an instance of 'std::bad_array_new_length'
terminate called after throwing an instance of 'std::bad_array_new_length'
terminate called after throwing an instance of 'std::bad_array_new_length'
  what():  std::bad_array_new_length
  what():  std::bad_array_new_length
terminate called after throwing an instance of 'std::bad_array_new_length'
  what():  std::bad_array_new_length
terminate called after throwing an instance of 'std::bad_array_new_length'
  what():  std::bad_array_new_length
terminate called after throwing an instance of 'std::bad_array_new_length'
  what():  std::bad_array_new_length
terminate called after throwing an instance of 'std::bad_array_new_length'
  what():  std::bad_array_new_length
terminate called after throwing an instance of 'std::bad_array_new_length'
  what():  std::bad_array_new_length
  what():  std::bad_array_new_length
terminate called after throwing an instance of 'std::bad_array_new_length'
  what():  std::bad_array_new_length
  what():  std::bad_array_new_length
  what():  std::bad_array_new_length
  what():  std::bad_array_new_length
  what():  std::bad_array_new_length
  what():  std::bad_array_new_length
  what():  std::bad_array_new_length
  what():  std::bad_array_new_length
  what():  std::bad_array_new_length
  what():  std::bad_array_new_length
  what():  std::bad_array_new_length
  what():  std::bad_array_new_length
  what():  std::bad_array_new_length
  what():  std::bad_array_new_length
  what():  std::bad_array_new_length
  what():  std::bad_array_new_length
  what():  std::bad_array_new_length
  what():  std::bad_array_new_length
  what():  std::bad_array_new_length
  what():  std::bad_array_new_length
  what():  std::bad_array_new_length
  what():  std::bad_array_new_length
  what():  std::bad_array_new_length
  what():  std::bad_array_new_length
  what():  std::bad_array_new_length
  what():  std::bad_array_new_length
  what():  std::bad_array_new_length
terminate called after throwing an instance of 'std::bad_array_new_length'
  what():  std::bad_array_new_length

===================================================================================
=   BAD TERMINATION OF ONE OF YOUR APPLICATION PROCESSES
=   RANK 24 PID 161036 RUNNING AT compute-5-48
=   KILLED BY SIGNAL: 9 (Killed)
===================================================================================

===================================================================================
=   BAD TERMINATION OF ONE OF YOUR APPLICATION PROCESSES
=   RANK 25 PID 161037 RUNNING AT compute-5-48
=   KILLED BY SIGNAL: 9 (Killed)
===================================================================================

===================================================================================
=   BAD TERMINATION OF ONE OF YOUR APPLICATION PROCESSES
=   RANK 26 PID 161038 RUNNING AT compute-5-48
=   KILLED BY SIGNAL: 9 (Killed)
===================================================================================

===================================================================================
=   BAD TERMINATION OF ONE OF YOUR APPLICATION PROCESSES
=   RANK 27 PID 161039 RUNNING AT compute-5-48
=   KILLED BY SIGNAL: 9 (Killed)
===================================================================================

===================================================================================
=   BAD TERMINATION OF ONE OF YOUR APPLICATION PROCESSES
=   RANK 28 PID 161040 RUNNING AT compute-5-48
=   KILLED BY SIGNAL: 9 (Killed)
===================================================================================

===================================================================================
=   BAD TERMINATION OF ONE OF YOUR APPLICATION PROCESSES
=   RANK 29 PID 161041 RUNNING AT compute-5-48
=   KILLED BY SIGNAL: 6 (Aborted)
===================================================================================

===================================================================================
=   BAD TERMINATION OF ONE OF YOUR APPLICATION PROCESSES
=   RANK 30 PID 161042 RUNNING AT compute-5-48
=   KILLED BY SIGNAL: 9 (Killed)
===================================================================================

===================================================================================
=   BAD TERMINATION OF ONE OF YOUR APPLICATION PROCESSES
=   RANK 31 PID 161043 RUNNING AT compute-5-48
=   KILLED BY SIGNAL: 9 (Killed)
===================================================================================

===================================================================================
=   BAD TERMINATION OF ONE OF YOUR APPLICATION PROCESSES
=   RANK 32 PID 161044 RUNNING AT compute-5-48
=   KILLED BY SIGNAL: 6 (Aborted)
===================================================================================

===================================================================================
=   BAD TERMINATION OF ONE OF YOUR APPLICATION PROCESSES
=   RANK 0 PID 162187 RUNNING AT compute-5-47
=   KILLED BY SIGNAL: 6 (Aborted)
===================================================================================

===================================================================================
=   BAD TERMINATION OF ONE OF YOUR APPLICATION PROCESSES
=   RANK 33 PID 161045 RUNNING AT compute-5-48
=   KILLED BY SIGNAL: 6 (Aborted)
===================================================================================

===================================================================================
=   BAD TERMINATION OF ONE OF YOUR APPLICATION PROCESSES
=   RANK 34 PID 161046 RUNNING AT compute-5-48
=   KILLED BY SIGNAL: 9 (Killed)
===================================================================================

===================================================================================
=   BAD TERMINATION OF ONE OF YOUR APPLICATION PROCESSES
=   RANK 35 PID 161047 RUNNING AT compute-5-48
=   KILLED BY SIGNAL: 9 (Killed)
===================================================================================

===================================================================================
=   BAD TERMINATION OF ONE OF YOUR APPLICATION PROCESSES
=   RANK 36 PID 161048 RUNNING AT compute-5-48
=   KILLED BY SIGNAL: 6 (Aborted)
===================================================================================

===================================================================================
=   BAD TERMINATION OF ONE OF YOUR APPLICATION PROCESSES
=   RANK 37 PID 161049 RUNNING AT compute-5-48
=   KILLED BY SIGNAL: 6 (Aborted)
===================================================================================

===================================================================================
=   BAD TERMINATION OF ONE OF YOUR APPLICATION PROCESSES
=   RANK 38 PID 161050 RUNNING AT compute-5-48
=   KILLED BY SIGNAL: 9 (Killed)
===================================================================================

===================================================================================
=   BAD TERMINATION OF ONE OF YOUR APPLICATION PROCESSES
=   RANK 39 PID 161051 RUNNING AT compute-5-48
=   KILLED BY SIGNAL: 6 (Aborted)
===================================================================================

===================================================================================
=   BAD TERMINATION OF ONE OF YOUR APPLICATION PROCESSES
=   RANK 40 PID 161052 RUNNING AT compute-5-48
=   KILLED BY SIGNAL: 6 (Aborted)
===================================================================================

===================================================================================
=   BAD TERMINATION OF ONE OF YOUR APPLICATION PROCESSES
=   RANK 41 PID 161053 RUNNING AT compute-5-48
=   KILLED BY SIGNAL: 9 (Killed)
===================================================================================

===================================================================================
=   BAD TERMINATION OF ONE OF YOUR APPLICATION PROCESSES
=   RANK 42 PID 161054 RUNNING AT compute-5-48
=   KILLED BY SIGNAL: 9 (Killed)
===================================================================================

===================================================================================
=   BAD TERMINATION OF ONE OF YOUR APPLICATION PROCESSES
=   RANK 43 PID 161055 RUNNING AT compute-5-48
=   KILLED BY SIGNAL: 9 (Killed)
===================================================================================

===================================================================================
=   BAD TERMINATION OF ONE OF YOUR APPLICATION PROCESSES
=   RANK 44 PID 161056 RUNNING AT compute-5-48
=   KILLED BY SIGNAL: 9 (Killed)
===================================================================================

===================================================================================
=   BAD TERMINATION OF ONE OF YOUR APPLICATION PROCESSES
=   RANK 45 PID 161057 RUNNING AT compute-5-48
=   KILLED BY SIGNAL: 9 (Killed)
===================================================================================

===================================================================================
=   BAD TERMINATION OF ONE OF YOUR APPLICATION PROCESSES
=   RANK 46 PID 161058 RUNNING AT compute-5-48
=   KILLED BY SIGNAL: 9 (Killed)
===================================================================================

===================================================================================
=   BAD TERMINATION OF ONE OF YOUR APPLICATION PROCESSES
=   RANK 47 PID 161061 RUNNING AT compute-5-48
=   KILLED BY SIGNAL: 6 (Aborted)
===================================================================================

===================================================================================
=   BAD TERMINATION OF ONE OF YOUR APPLICATION PROCESSES
=   RANK 1 PID 162188 RUNNING AT compute-5-47
=   KILLED BY SIGNAL: 9 (Killed)
===================================================================================

===================================================================================
=   BAD TERMINATION OF ONE OF YOUR APPLICATION PROCESSES
=   RANK 2 PID 162189 RUNNING AT compute-5-47
=   KILLED BY SIGNAL: 9 (Killed)
===================================================================================

===================================================================================
=   BAD TERMINATION OF ONE OF YOUR APPLICATION PROCESSES
=   RANK 3 PID 162190 RUNNING AT compute-5-47
=   KILLED BY SIGNAL: 6 (Aborted)
===================================================================================

===================================================================================
=   BAD TERMINATION OF ONE OF YOUR APPLICATION PROCESSES
=   RANK 4 PID 162191 RUNNING AT compute-5-47
=   KILLED BY SIGNAL: 9 (Killed)
===================================================================================

===================================================================================
=   BAD TERMINATION OF ONE OF YOUR APPLICATION PROCESSES
=   RANK 5 PID 162192 RUNNING AT compute-5-47
=   KILLED BY SIGNAL: 6 (Aborted)
===================================================================================

===================================================================================
=   BAD TERMINATION OF ONE OF YOUR APPLICATION PROCESSES
=   RANK 6 PID 162193 RUNNING AT compute-5-47
=   KILLED BY SIGNAL: 6 (Aborted)
===================================================================================

===================================================================================
=   BAD TERMINATION OF ONE OF YOUR APPLICATION PROCESSES
=   RANK 7 PID 162194 RUNNING AT compute-5-47
=   KILLED BY SIGNAL: 9 (Killed)
===================================================================================

===================================================================================
=   BAD TERMINATION OF ONE OF YOUR APPLICATION PROCESSES
=   RANK 8 PID 162195 RUNNING AT compute-5-47
=   KILLED BY SIGNAL: 9 (Killed)
===================================================================================

===================================================================================
=   BAD TERMINATION OF ONE OF YOUR APPLICATION PROCESSES
=   RANK 9 PID 162196 RUNNING AT compute-5-47
=   KILLED BY SIGNAL: 9 (Killed)
===================================================================================

===================================================================================
=   BAD TERMINATION OF ONE OF YOUR APPLICATION PROCESSES
=   RANK 10 PID 162197 RUNNING AT compute-5-47
=   KILLED BY SIGNAL: 9 (Killed)
===================================================================================

===================================================================================
=   BAD TERMINATION OF ONE OF YOUR APPLICATION PROCESSES
=   RANK 11 PID 162198 RUNNING AT compute-5-47
=   KILLED BY SIGNAL: 6 (Aborted)
===================================================================================

===================================================================================
=   BAD TERMINATION OF ONE OF YOUR APPLICATION PROCESSES
=   RANK 12 PID 162199 RUNNING AT compute-5-47
=   KILLED BY SIGNAL: 9 (Killed)
===================================================================================

===================================================================================
=   BAD TERMINATION OF ONE OF YOUR APPLICATION PROCESSES
=   RANK 13 PID 162200 RUNNING AT compute-5-47
=   KILLED BY SIGNAL: 6 (Aborted)
===================================================================================

===================================================================================
=   BAD TERMINATION OF ONE OF YOUR APPLICATION PROCESSES
=   RANK 14 PID 162201 RUNNING AT compute-5-47
=   KILLED BY SIGNAL: 6 (Aborted)
===================================================================================

===================================================================================
=   BAD TERMINATION OF ONE OF YOUR APPLICATION PROCESSES
=   RANK 15 PID 162202 RUNNING AT compute-5-47
=   KILLED BY SIGNAL: 9 (Killed)
===================================================================================

===================================================================================
=   BAD TERMINATION OF ONE OF YOUR APPLICATION PROCESSES
=   RANK 16 PID 162203 RUNNING AT compute-5-47
=   KILLED BY SIGNAL: 9 (Killed)
===================================================================================

===================================================================================
=   BAD TERMINATION OF ONE OF YOUR APPLICATION PROCESSES
=   RANK 17 PID 162204 RUNNING AT compute-5-47
=   KILLED BY SIGNAL: 9 (Killed)
===================================================================================

===================================================================================
=   BAD TERMINATION OF ONE OF YOUR APPLICATION PROCESSES
=   RANK 18 PID 162205 RUNNING AT compute-5-47
=   KILLED BY SIGNAL: 9 (Killed)
===================================================================================

===================================================================================
=   BAD TERMINATION OF ONE OF YOUR APPLICATION PROCESSES
=   RANK 19 PID 162206 RUNNING AT compute-5-47
=   KILLED BY SIGNAL: 9 (Killed)
===================================================================================

===================================================================================
=   BAD TERMINATION OF ONE OF YOUR APPLICATION PROCESSES
=   RANK 20 PID 162207 RUNNING AT compute-5-47
=   KILLED BY SIGNAL: 9 (Killed)
===================================================================================

===================================================================================
=   BAD TERMINATION OF ONE OF YOUR APPLICATION PROCESSES
=   RANK 21 PID 162208 RUNNING AT compute-5-47
=   KILLED BY SIGNAL: 9 (Killed)
===================================================================================

===================================================================================
=   BAD TERMINATION OF ONE OF YOUR APPLICATION PROCESSES
=   RANK 22 PID 162209 RUNNING AT compute-5-47
=   KILLED BY SIGNAL: 9 (Killed)
===================================================================================

===================================================================================
=   BAD TERMINATION OF ONE OF YOUR APPLICATION PROCESSES
=   RANK 23 PID 162210 RUNNING AT compute-5-47
=   KILLED BY SIGNAL: 6 (Aborted)
===================================================================================
